02-08 11:16:41 com_github_MitjaNemec_ReplicateLayout.action_replicate_layout 392:Plugin executed on: 'darwin'
02-08 11:16:41 com_github_MitjaNemec_ReplicateLayout.action_replicate_layout 393:Plugin executed with python version: '3.9.13 (v3.9.13:6de2ca5339, May 17 2022, 11:37:23) \n[Clang 13.0.0 (clang-1300.0.29.30)]'
02-08 11:16:41 com_github_MitjaNemec_ReplicateLayout.action_replicate_layout 394:KiCad build version: 8.0.5
02-08 11:16:41 com_github_MitjaNemec_ReplicateLayout.action_replicate_layout 395:Plugin version: 3.0.3
02-08 11:16:41 com_github_MitjaNemec_ReplicateLayout.action_replicate_layout 396:Frame repr: <wx._core.Frame object at 0x3269e4af0>
02-08 11:16:41 com_github_MitjaNemec_ReplicateLayout.action_replicate_layout 420:Preparing replicator with NC_F11 as a reference
02-08 11:16:41 com_github_MitjaNemec_ReplicateLayout.replicate_layout 117:getting a list of all footprints on board
02-08 11:16:41 com_github_MitjaNemec_ReplicateLayout.action_replicate_layout 468:source anchor footprint is 'NC_F11'
Located on: ['Non-Critical Fuses10']
With filenames: ['noncriticalpwr.kicad_sch']
With sheet_id:['Non-Critical Fuses10']
02-08 11:16:41 com_github_MitjaNemec_ReplicateLayout.action_replicate_layout 475:Corresponding footprints are 
[('NC_F8', ['Non-Critical Fuses7']), ('NC_F4', ['Non-Critical Fuses3']), ('NC_F10', ['Non-Critical Fuses9']), ('NC_F5', ['Non-Critical Fuses4']), ('NC_F12', ['Non-Critical Fuses11']), ('NC_F6', ['Non-Critical Fuses5']), ('NC_F2', ['Non-Critical Fuses1']), ('NC_F7', ['Non-Critical Fuses6']), ('NC_F3', ['Non-Critical Fuses2']), ('NC_F9', ['Non-Critical Fuses8']), ('NC_F1', ['Non-Critical Fuses']), ('NC_F11', ['Non-Critical Fuses10'])]
02-08 11:16:41 com_github_MitjaNemec_ReplicateLayout.action_replicate_layout 487:Showing dialog
02-08 11:16:41 com_github_MitjaNemec_ReplicateLayout.replicate_layout 472:constructing a list of sheets suitable for replication on level:'Non-Critical Fuses10', file:'noncriticalpwr.kicad_sch'
02-08 11:16:41 com_github_MitjaNemec_ReplicateLayout.replicate_layout 509:suitable sheets are:[['Non-Critical Fuses'], ['Non-Critical Fuses1'], ['Non-Critical Fuses11'], ['Non-Critical Fuses2'], ['Non-Critical Fuses3'], ['Non-Critical Fuses4'], ['Non-Critical Fuses5'], ['Non-Critical Fuses6'], ['Non-Critical Fuses7'], ['Non-Critical Fuses8'], ['Non-Critical Fuses9']]
02-08 11:16:41 com_github_MitjaNemec_ReplicateLayout.replicate_layout 1507:Level selected: ['Non-Critical Fuses10']
02-08 11:16:41 com_github_MitjaNemec_ReplicateLayout.replicate_layout 1331:Filtering list of tracks
02-08 11:16:41 com_github_MitjaNemec_ReplicateLayout.action_replicate_layout 493:Toolbar position: wx.Point(1488, 135)
02-08 11:16:41 com_github_MitjaNemec_ReplicateLayout.action_replicate_layout 498:Dialog position: wx.Point(1049, 135)
02-08 11:16:50 com_github_MitjaNemec_ReplicateLayout.replicate_layout 472:constructing a list of sheets suitable for replication on level:'Non-Critical Fuses10', file:'noncriticalpwr.kicad_sch'
02-08 11:16:50 com_github_MitjaNemec_ReplicateLayout.replicate_layout 509:suitable sheets are:[['Non-Critical Fuses'], ['Non-Critical Fuses1'], ['Non-Critical Fuses11'], ['Non-Critical Fuses2'], ['Non-Critical Fuses3'], ['Non-Critical Fuses4'], ['Non-Critical Fuses5'], ['Non-Critical Fuses6'], ['Non-Critical Fuses7'], ['Non-Critical Fuses8'], ['Non-Critical Fuses9']]
02-08 11:16:50 com_github_MitjaNemec_ReplicateLayout.action_replicate_layout 240:Replicating layout
02-08 11:16:50 com_github_MitjaNemec_ReplicateLayout.replicate_layout 288:Starting replication of sheets: [['Non-Critical Fuses11']]
on level: ['Non-Critical Fuses10']
with tracks=True, zone=True, text=True, text=True, intersecting=False, remove=False, locked footprints=False, group_only=False
02-08 11:16:50 root 332:updating GUI message: 'Preparing for replication'
02-08 11:16:50 root 337:updating GUI with: 0
02-08 11:16:50 com_github_MitjaNemec_ReplicateLayout.replicate_layout 358:Getting the list of source footprints
02-08 11:16:50 root 337:updating GUI with: 0
02-08 11:16:50 com_github_MitjaNemec_ReplicateLayout.replicate_layout 368:Getting the list of all the remaining footprints
02-08 11:16:50 com_github_MitjaNemec_ReplicateLayout.replicate_layout 375:Getting source tracks
02-08 11:16:50 com_github_MitjaNemec_ReplicateLayout.replicate_layout 1331:Filtering list of tracks
02-08 11:16:50 com_github_MitjaNemec_ReplicateLayout.replicate_layout 379:Getting source zones
02-08 11:16:50 com_github_MitjaNemec_ReplicateLayout.replicate_layout 383:Getting source text items
02-08 11:16:50 com_github_MitjaNemec_ReplicateLayout.replicate_layout 387:Getting source drawing items
02-08 11:16:50 root 332:updating GUI message: 'Replicating footprints'
02-08 11:16:50 com_github_MitjaNemec_ReplicateLayout.replicate_layout 861:Replicating footprints
02-08 11:16:50 root 337:updating GUI with: 0
02-08 11:16:50 com_github_MitjaNemec_ReplicateLayout.replicate_layout 868:Replicating footprints on sheet ['Non-Critical Fuses11']
02-08 11:16:50 com_github_MitjaNemec_ReplicateLayout.replicate_layout 985:Src text UUid:cb05069b-8d9b-49b3-8fbe-2e32b1c21ad2
02-08 11:16:50 com_github_MitjaNemec_ReplicateLayout.replicate_layout 986:Dst text UUid:970b0ea7-431e-4057-9c2a-dc112e216fb3
02-08 11:16:50 com_github_MitjaNemec_ReplicateLayout.replicate_layout 985:Src text UUid:b1fdebc8-e655-4dc5-86fe-87fe6d867d2f
02-08 11:16:50 com_github_MitjaNemec_ReplicateLayout.replicate_layout 986:Dst text UUid:85f8cc9e-d942-4690-ad37-b133e5ab00e0
02-08 11:16:50 com_github_MitjaNemec_ReplicateLayout.replicate_layout 985:Src text UUid:d8bb29ff-48d0-4814-8207-e1fd4b906689
02-08 11:16:50 com_github_MitjaNemec_ReplicateLayout.replicate_layout 986:Dst text UUid:c6e39e6b-f285-4856-af7c-bab15a141ccf
02-08 11:16:50 com_github_MitjaNemec_ReplicateLayout.replicate_layout 985:Src text UUid:eec0d948-a147-4a9f-bcc1-9ed435df9724
02-08 11:16:50 com_github_MitjaNemec_ReplicateLayout.replicate_layout 986:Dst text UUid:2b98c8e1-8c7a-4dfb-90ce-3fd3ce8164d9
02-08 11:16:50 com_github_MitjaNemec_ReplicateLayout.replicate_layout 985:Src text UUid:c4c7dc59-2e53-48bb-a166-409f569e3cf5
02-08 11:16:50 com_github_MitjaNemec_ReplicateLayout.replicate_layout 986:Dst text UUid:691a4e95-00c6-4445-b6be-16019fb03c18
02-08 11:16:50 com_github_MitjaNemec_ReplicateLayout.replicate_layout 985:Src text UUid:d7cabb33-d12b-470d-a03a-e34109e2d9c4
02-08 11:16:50 com_github_MitjaNemec_ReplicateLayout.replicate_layout 986:Dst text UUid:a2542df0-5337-4335-bf19-1f9c92a5799b
02-08 11:16:50 com_github_MitjaNemec_ReplicateLayout.replicate_layout 985:Src text UUid:8922df46-d8d9-4baf-a52e-d668c1e12c35
02-08 11:16:50 com_github_MitjaNemec_ReplicateLayout.replicate_layout 986:Dst text UUid:abb76ee8-42c5-477b-bbfe-930fe710eb52
02-08 11:16:50 com_github_MitjaNemec_ReplicateLayout.replicate_layout 985:Src text UUid:7a4d5d9a-0792-45ee-a702-6edc0a5d894f
02-08 11:16:50 com_github_MitjaNemec_ReplicateLayout.replicate_layout 986:Dst text UUid:c0d0b530-9f97-4788-8478-9d2f95bc6750
02-08 11:16:50 com_github_MitjaNemec_ReplicateLayout.replicate_layout 985:Src text UUid:b0d0d83e-fd87-4650-b09a-b8db71b490c0
02-08 11:16:50 com_github_MitjaNemec_ReplicateLayout.replicate_layout 986:Dst text UUid:dfa1364e-e1f1-4a92-98d9-efc5fb9fd8aa
02-08 11:16:50 com_github_MitjaNemec_ReplicateLayout.replicate_layout 985:Src text UUid:294fd8c9-e037-4bdc-9cef-44c038902660
02-08 11:16:50 com_github_MitjaNemec_ReplicateLayout.replicate_layout 986:Dst text UUid:74ca0471-52db-4ba0-9e12-11c94e7e99a8
02-08 11:16:50 com_github_MitjaNemec_ReplicateLayout.replicate_layout 985:Src text UUid:f41ba088-8eea-476d-bb0f-a7d1df5eeac6
02-08 11:16:50 com_github_MitjaNemec_ReplicateLayout.replicate_layout 986:Dst text UUid:0f95a86b-bc71-47d6-b220-51519f203631
02-08 11:16:50 com_github_MitjaNemec_ReplicateLayout.replicate_layout 985:Src text UUid:84c16fbe-1c6f-4dc3-9696-f25b7606eb31
02-08 11:16:50 com_github_MitjaNemec_ReplicateLayout.replicate_layout 986:Dst text UUid:532cd7ba-a835-4369-8fed-afe5b5659cbd
02-08 11:16:50 com_github_MitjaNemec_ReplicateLayout.replicate_layout 985:Src text UUid:04423718-238a-42e0-9bc6-2d505f5bb7ed
02-08 11:16:50 com_github_MitjaNemec_ReplicateLayout.replicate_layout 986:Dst text UUid:79fb5e64-006a-41ae-a42e-384407cba476
02-08 11:16:50 com_github_MitjaNemec_ReplicateLayout.replicate_layout 985:Src text UUid:07b560b2-019c-4898-b1b2-8d6d31051f4f
02-08 11:16:50 com_github_MitjaNemec_ReplicateLayout.replicate_layout 986:Dst text UUid:716b933d-3357-4871-8745-7b7551e7d0b1
02-08 11:16:50 com_github_MitjaNemec_ReplicateLayout.replicate_layout 985:Src text UUid:f2e56fb8-c997-40e4-82a1-30e0709c33e0
02-08 11:16:50 com_github_MitjaNemec_ReplicateLayout.replicate_layout 986:Dst text UUid:5179c702-02e4-4225-b325-118fd11a8134
02-08 11:16:50 com_github_MitjaNemec_ReplicateLayout.replicate_layout 985:Src text UUid:701d57de-0b07-4bee-a0fa-199595dd0c55
02-08 11:16:50 com_github_MitjaNemec_ReplicateLayout.replicate_layout 986:Dst text UUid:a7bdd9fe-ccf1-485b-b294-675fd621d9d3
02-08 11:16:50 com_github_MitjaNemec_ReplicateLayout.replicate_layout 985:Src text UUid:42f15dbd-1d8b-4b04-a374-f5ca275cf634
02-08 11:16:50 com_github_MitjaNemec_ReplicateLayout.replicate_layout 986:Dst text UUid:7cb2de83-f530-4f95-86a4-f240f08e9a65
02-08 11:16:50 com_github_MitjaNemec_ReplicateLayout.replicate_layout 985:Src text UUid:2d6b96b6-6868-4f41-815c-5f0fa83afb73
02-08 11:16:50 com_github_MitjaNemec_ReplicateLayout.replicate_layout 986:Dst text UUid:53f53ef6-d98a-4e1f-b189-a6fe19254827
02-08 11:16:50 root 332:updating GUI message: 'Replicating tracks'
02-08 11:16:50 com_github_MitjaNemec_ReplicateLayout.replicate_layout 1009:Replicating tracks
02-08 11:16:50 com_github_MitjaNemec_ReplicateLayout.replicate_layout 1015:Replicating tracks on sheet ['Non-Critical Fuses11']
02-08 11:16:50 com_github_MitjaNemec_ReplicateLayout.replicate_layout 792:Net pairs for sheet ['Non-Critical Fuses11'] :[('', ''), ('Net-(NC_R21-Pad2)', 'Net-(NC_R23-Pad2)'), ('GND', 'GND'), ('Net-(NC_D11-A)', 'Net-(NC_D12-A)'), ('Net-(NC_J11-Pin_1)', 'Net-(NC_J12-Pin_1)'), ('+12V CRIT', '+12V CRIT'), ('+12V_NON', '+12V_NON')]
02-08 11:16:50 root 332:updating GUI message: 'Replicating zones'
02-08 11:16:50 com_github_MitjaNemec_ReplicateLayout.replicate_layout 1079:Replicating zones
02-08 11:16:50 com_github_MitjaNemec_ReplicateLayout.replicate_layout 1086:Replicating zones on sheet ['Non-Critical Fuses11']
02-08 11:16:50 com_github_MitjaNemec_ReplicateLayout.replicate_layout 792:Net pairs for sheet ['Non-Critical Fuses11'] :[('', ''), ('Net-(NC_R21-Pad2)', 'Net-(NC_R23-Pad2)'), ('GND', 'GND'), ('Net-(NC_D11-A)', 'Net-(NC_D12-A)'), ('Net-(NC_J11-Pin_1)', 'Net-(NC_J12-Pin_1)'), ('+12V CRIT', '+12V CRIT'), ('+12V_NON', '+12V_NON')]
02-08 11:16:50 root 332:updating GUI message: 'Replicating text'
02-08 11:16:50 com_github_MitjaNemec_ReplicateLayout.replicate_layout 1168:Replicating text
02-08 11:16:50 com_github_MitjaNemec_ReplicateLayout.replicate_layout 1175:Replicating text on sheet ['Non-Critical Fuses11']
02-08 11:16:50 root 332:updating GUI message: 'Replicating drawings'
02-08 11:16:50 com_github_MitjaNemec_ReplicateLayout.replicate_layout 1219:Replicating drawings
02-08 11:16:50 com_github_MitjaNemec_ReplicateLayout.replicate_layout 1225:Replicating drawings on sheet ['Non-Critical Fuses11']
02-08 11:16:50 com_github_MitjaNemec_ReplicateLayout.action_replicate_layout 256:Replication complete
